This is pdfTeX, Version 3.14159265-2.6-1.40.17 (TeX Live 2016) (preloaded format=pdflatex 2016.5.22)  10 MAY 2017 17:24
entering extended mode
 restricted \write18 enabled.
 %&-line parsing enabled.
**vertex.tex
(./vertex.tex
LaTeX2e <2016/03/31>
Babel <3.9r> and hyphenation patterns for 83 language(s) loaded.
(/usr/local/texlive/2016/texmf-dist/tex/latex/base/article.cls
Document Class: article 2014/09/29 v1.4h Standard LaTeX document class
(/usr/local/texlive/2016/texmf-dist/tex/latex/base/size10.clo
File: size10.clo 2014/09/29 v1.4h Standard LaTeX file (size option)
)
\c@part=\count79
\c@section=\count80
\c@subsection=\count81
\c@subsubsection=\count82
\c@paragraph=\count83
\c@subparagraph=\count84
\c@figure=\count85
\c@table=\count86
\abovecaptionskip=\skip41
\belowcaptionskip=\skip42
\bibindent=\dimen102
)
(/usr/local/texlive/2016/texmf-dist/tex/latex/lipsum/lipsum.sty
Package: lipsum 2014/07/27 v1.3 150 paragraphs of Lorem Ipsum dummy text
\c@lips@count=\count87
)
(/usr/local/texlive/2016/texmf-dist/tex/latex/psnfss/mathpazo.sty
Package: mathpazo 2005/04/12 PSNFSS-v9.2a Palatino w/ Pazo Math (D.Puga, WaS) 
\symupright=\mathgroup4
)
(/usr/local/texlive/2016/texmf-dist/tex/latex/base/fontenc.sty
Package: fontenc 2005/09/27 v1.99g Standard LaTeX package

(/usr/local/texlive/2016/texmf-dist/tex/latex/base/t1enc.def
File: t1enc.def 2005/09/27 v1.99g Standard LaTeX file
LaTeX Font Info:    Redeclaring font encoding T1 on input line 48.
))
(/usr/local/texlive/2016/texmf-dist/tex/latex/microtype/microtype.sty
Package: microtype 2016/05/14 v2.6a Micro-typographical refinements (RS)

(/usr/local/texlive/2016/texmf-dist/tex/latex/graphics/keyval.sty
Package: keyval 2014/10/28 v1.15 key=value parser (DPC)
\KV@toks@=\toks14
)
\MT@toks=\toks15
\MT@count=\count88
LaTeX Info: Redefining \textls on input line 774.
\MT@outer@kern=\dimen103
LaTeX Info: Redefining \textmicrotypecontext on input line 1310.
\MT@listname@count=\count89

(/usr/local/texlive/2016/texmf-dist/tex/latex/microtype/microtype-pdftex.def
File: microtype-pdftex.def 2016/05/14 v2.6a Definitions specific to pdftex (RS)

LaTeX Info: Redefining \lsstyle on input line 916.
LaTeX Info: Redefining \lslig on input line 916.
\MT@outer@space=\skip43
)
Package microtype Info: Loading configuration file microtype.cfg.

(/usr/local/texlive/2016/texmf-dist/tex/latex/microtype/microtype.cfg
File: microtype.cfg 2016/05/14 v2.6a microtype main configuration file (RS)
))
(/usr/local/texlive/2016/texmf-dist/tex/latex/amsmath/amsmath.sty
Package: amsmath 2016/03/10 v2.15b AMS math features
\@mathmargin=\skip44

For additional information on amsmath, use the `?' option.
(/usr/local/texlive/2016/texmf-dist/tex/latex/amsmath/amstext.sty
Package: amstext 2000/06/29 v2.01 AMS text

(/usr/local/texlive/2016/texmf-dist/tex/latex/amsmath/amsgen.sty
File: amsgen.sty 1999/11/30 v2.0 generic functions
\@emptytoks=\toks16
\ex@=\dimen104
))
(/usr/local/texlive/2016/texmf-dist/tex/latex/amsmath/amsbsy.sty
Package: amsbsy 1999/11/29 v1.2d Bold Symbols
\pmbraise@=\dimen105
)
(/usr/local/texlive/2016/texmf-dist/tex/latex/amsmath/amsopn.sty
Package: amsopn 2016/03/08 v2.02 operator names
)
\inf@bad=\count90
LaTeX Info: Redefining \frac on input line 199.
\uproot@=\count91
\leftroot@=\count92
LaTeX Info: Redefining \overline on input line 297.
\classnum@=\count93
\DOTSCASE@=\count94
LaTeX Info: Redefining \ldots on input line 394.
LaTeX Info: Redefining \dots on input line 397.
LaTeX Info: Redefining \cdots on input line 518.
\Mathstrutbox@=\box26
\strutbox@=\box27
\big@size=\dimen106
LaTeX Font Info:    Redeclaring font encoding OML on input line 634.
LaTeX Font Info:    Redeclaring font encoding OMS on input line 635.
\macc@depth=\count95
\c@MaxMatrixCols=\count96
\dotsspace@=\muskip10
\c@parentequation=\count97
\dspbrk@lvl=\count98
\tag@help=\toks17
\row@=\count99
\column@=\count100
\maxfields@=\count101
\andhelp@=\toks18
\eqnshift@=\dimen107
\alignsep@=\dimen108
\tagshift@=\dimen109
\tagwidth@=\dimen110
\totwidth@=\dimen111
\lineht@=\dimen112
\@envbody=\toks19
\multlinegap=\skip45
\multlinetaggap=\skip46
\mathdisplay@stack=\toks20
LaTeX Info: Redefining \[ on input line 2739.
LaTeX Info: Redefining \] on input line 2740.
)
(/usr/local/texlive/2016/texmf-dist/tex/latex/geometry/geometry.sty
Package: geometry 2010/09/12 v5.6 Page Geometry

(/usr/local/texlive/2016/texmf-dist/tex/generic/oberdiek/ifpdf.sty
Package: ifpdf 2016/05/14 v3.1 Provides the ifpdf switch
)
(/usr/local/texlive/2016/texmf-dist/tex/generic/oberdiek/ifvtex.sty
Package: ifvtex 2016/05/16 v1.6 Detect VTeX and its facilities (HO)
Package ifvtex Info: VTeX not detected.
)
(/usr/local/texlive/2016/texmf-dist/tex/generic/ifxetex/ifxetex.sty
Package: ifxetex 2010/09/12 v0.6 Provides ifxetex conditional
)
\Gm@cnth=\count102
\Gm@cntv=\count103
\c@Gm@tempcnt=\count104
\Gm@bindingoffset=\dimen113
\Gm@wd@mp=\dimen114
\Gm@odd@mp=\dimen115
\Gm@even@mp=\dimen116
\Gm@layoutwidth=\dimen117
\Gm@layoutheight=\dimen118
\Gm@layouthoffset=\dimen119
\Gm@layoutvoffset=\dimen120
\Gm@dimlist=\toks21
)
(/usr/local/texlive/2016/texmf-dist/tex/latex/tools/multicol.sty
Package: multicol 2016/04/07 v1.8p multicolumn formatting (FMi)
\c@tracingmulticols=\count105
\mult@box=\box28
\multicol@leftmargin=\dimen121
\c@unbalance=\count106
\c@collectmore=\count107
\doublecol@number=\count108
\multicoltolerance=\count109
\multicolpretolerance=\count110
\full@width=\dimen122
\page@free=\dimen123
\premulticols=\dimen124
\postmulticols=\dimen125
\multicolsep=\skip47
\multicolbaselineskip=\skip48
\partial@page=\box29
\last@line=\box30
\maxbalancingoverflow=\dimen126
\mult@rightbox=\box31
\mult@grightbox=\box32
\mult@gfirstbox=\box33
\mult@firstbox=\box34
\@tempa=\box35
\@tempa=\box36
\@tempa=\box37
\@tempa=\box38
\@tempa=\box39
\@tempa=\box40
\@tempa=\box41
\@tempa=\box42
\@tempa=\box43
\@tempa=\box44
\@tempa=\box45
\@tempa=\box46
\@tempa=\box47
\@tempa=\box48
\@tempa=\box49
\@tempa=\box50
\@tempa=\box51
\c@columnbadness=\count111
\c@finalcolumnbadness=\count112
\last@try=\dimen127
\multicolovershoot=\dimen128
\multicolundershoot=\dimen129
\mult@nat@firstbox=\box52
\colbreak@box=\box53
\mc@col@check@num=\count113
)
(/usr/local/texlive/2016/texmf-dist/tex/latex/caption/caption.sty
Package: caption 2016/02/21 v3.3-144 Customizing captions (AR)

(/usr/local/texlive/2016/texmf-dist/tex/latex/caption/caption3.sty
Package: caption3 2016/02/04 v1.7-139 caption3 kernel (AR)
Package caption3 Info: TeX engine: e-TeX on input line 67.
\captionmargin=\dimen130
\captionmargin@=\dimen131
\captionwidth=\dimen132
\caption@tempdima=\dimen133
\caption@indent=\dimen134
\caption@parindent=\dimen135
\caption@hangindent=\dimen136
)
\c@ContinuedFloat=\count114
)
(/usr/local/texlive/2016/texmf-dist/tex/latex/booktabs/booktabs.sty
Package: booktabs 2016/04/27 v1.618033 publication quality tables
\heavyrulewidth=\dimen137
\lightrulewidth=\dimen138
\cmidrulewidth=\dimen139
\belowrulesep=\dimen140
\belowbottomsep=\dimen141
\aboverulesep=\dimen142
\abovetopsep=\dimen143
\cmidrulesep=\dimen144
\cmidrulekern=\dimen145
\defaultaddspace=\dimen146
\@cmidla=\count115
\@cmidlb=\count116
\@aboverulesep=\dimen147
\@belowrulesep=\dimen148
\@thisruleclass=\count117
\@lastruleclass=\count118
\@thisrulewidth=\dimen149
)
(/usr/local/texlive/2016/texmf-dist/tex/latex/float/float.sty
Package: float 2001/11/08 v1.3d Float enhancements (AL)
\c@float@type=\count119
\float@exts=\toks22
\float@box=\box54
\@float@everytoks=\toks23
\@floatcapt=\box55
)
(/usr/local/texlive/2016/texmf-dist/tex/latex/hyperref/hyperref.sty
Package: hyperref 2016/05/05 v6.83n Hypertext links for LaTeX

(/usr/local/texlive/2016/texmf-dist/tex/generic/oberdiek/hobsub-hyperref.sty
Package: hobsub-hyperref 2016/05/16 v1.14 Bundle oberdiek, subset hyperref (HO)


(/usr/local/texlive/2016/texmf-dist/tex/generic/oberdiek/hobsub-generic.sty
Package: hobsub-generic 2016/05/16 v1.14 Bundle oberdiek, subset generic (HO)
Package: hobsub 2016/05/16 v1.14 Construct package bundles (HO)
Package: infwarerr 2016/05/16 v1.4 Providing info/warning/error messages (HO)
Package: ltxcmds 2016/05/16 v1.23 LaTeX kernel commands for general use (HO)
Package: ifluatex 2016/05/16 v1.4 Provides the ifluatex switch (HO)
Package ifluatex Info: LuaTeX not detected.
Package hobsub Info: Skipping package `ifvtex' (already loaded).
Package: intcalc 2016/05/16 v1.2 Expandable calculations with integers (HO)
Package hobsub Info: Skipping package `ifpdf' (already loaded).
Package: etexcmds 2016/05/16 v1.6 Avoid name clashes with e-TeX commands (HO)
Package etexcmds Info: Could not find \expanded.
(etexcmds)             That can mean that you are not using pdfTeX 1.50 or
(etexcmds)             that some package has redefined \expanded.
(etexcmds)             In the latter case, load this package earlier.
Package: kvsetkeys 2016/05/16 v1.17 Key value parser (HO)
Package: kvdefinekeys 2016/05/16 v1.4 Define keys (HO)
Package: pdftexcmds 2016/05/10 v0.21 Utility functions of pdfTeX for LuaTeX (HO
)
Package pdftexcmds Info: LuaTeX not detected.
Package pdftexcmds Info: \pdf@primitive is available.
Package pdftexcmds Info: \pdf@ifprimitive is available.
Package pdftexcmds Info: \pdfdraftmode found.
Package: pdfescape 2016/05/16 v1.14 Implements pdfTeX's escape features (HO)
Package: bigintcalc 2016/05/16 v1.4 Expandable calculations on big integers (HO
)
Package: bitset 2016/05/16 v1.2 Handle bit-vector datatype (HO)
Package: uniquecounter 2016/05/16 v1.3 Provide unlimited unique counter (HO)
)
Package hobsub Info: Skipping package `hobsub' (already loaded).
Package: letltxmacro 2016/05/16 v1.5 Let assignment for LaTeX macros (HO)
Package: hopatch 2016/05/16 v1.3 Wrapper for package hooks (HO)
Package: xcolor-patch 2016/05/16 xcolor patch
Package: atveryend 2016/05/16 v1.9 Hooks at the very end of document (HO)
Package atveryend Info: \enddocument detected (standard20110627).
Package: atbegshi 2016/05/16 v1.17 At begin shipout hook (HO)
Package: refcount 2016/05/16 v3.5 Data extraction from label references (HO)
Package: hycolor 2016/05/16 v1.8 Color options for hyperref/bookmark (HO)
)
(/usr/local/texlive/2016/texmf-dist/tex/latex/oberdiek/auxhook.sty
Package: auxhook 2016/05/16 v1.4 Hooks for auxiliary files (HO)
)
(/usr/local/texlive/2016/texmf-dist/tex/latex/oberdiek/kvoptions.sty
Package: kvoptions 2016/05/16 v3.12 Key value format for package options (HO)
)
\@linkdim=\dimen150
\Hy@linkcounter=\count120
\Hy@pagecounter=\count121

(/usr/local/texlive/2016/texmf-dist/tex/latex/hyperref/pd1enc.def
File: pd1enc.def 2016/05/05 v6.83n Hyperref: PDFDocEncoding definition (HO)
)
\Hy@SavedSpaceFactor=\count122

(/usr/local/texlive/2016/texmf-dist/tex/latex/latexconfig/hyperref.cfg
File: hyperref.cfg 2002/06/06 v1.2 hyperref configuration of TeXLive
)
Package hyperref Info: Hyper figures OFF on input line 4446.
Package hyperref Info: Link nesting OFF on input line 4451.
Package hyperref Info: Hyper index ON on input line 4454.
Package hyperref Info: Plain pages OFF on input line 4461.
Package hyperref Info: Backreferencing OFF on input line 4466.
Package hyperref Info: Implicit mode ON; LaTeX internals redefined.
Package hyperref Info: Bookmarks ON on input line 4691.
\c@Hy@tempcnt=\count123

(/usr/local/texlive/2016/texmf-dist/tex/latex/url/url.sty
\Urlmuskip=\muskip11
Package: url 2013/09/16  ver 3.4  Verb mode for urls, etc.
)
LaTeX Info: Redefining \url on input line 5044.
\XeTeXLinkMargin=\dimen151
\Fld@menulength=\count124
\Field@Width=\dimen152
\Fld@charsize=\dimen153
Package hyperref Info: Hyper figures OFF on input line 6298.
Package hyperref Info: Link nesting OFF on input line 6303.
Package hyperref Info: Hyper index ON on input line 6306.
Package hyperref Info: backreferencing OFF on input line 6313.
Package hyperref Info: Link coloring OFF on input line 6318.
Package hyperref Info: Link coloring with OCG OFF on input line 6323.
Package hyperref Info: PDF/A mode OFF on input line 6328.
LaTeX Info: Redefining \ref on input line 6368.
LaTeX Info: Redefining \pageref on input line 6372.
\Hy@abspage=\count125
\c@Item=\count126
\c@Hfootnote=\count127
)

Package hyperref Message: Driver (autodetected): hpdftex.

(/usr/local/texlive/2016/texmf-dist/tex/latex/hyperref/hpdftex.def
File: hpdftex.def 2016/05/05 v6.83n Hyperref driver for pdfTeX
\Fld@listcount=\count128
\c@bookmark@seq@number=\count129

(/usr/local/texlive/2016/texmf-dist/tex/latex/oberdiek/rerunfilecheck.sty
Package: rerunfilecheck 2016/05/16 v1.8 Rerun checks for auxiliary files (HO)
Package uniquecounter Info: New unique counter `rerunfilecheck' on input line 2
82.
)
\Hy@SectionHShift=\skip49
)
\@float@every@figure=\toks24

(/usr/local/texlive/2016/texmf-dist/tex/latex/graphics/graphicx.sty
Package: graphicx 2014/10/28 v1.0g Enhanced LaTeX Graphics (DPC,SPQR)

(/usr/local/texlive/2016/texmf-dist/tex/latex/graphics/graphics.sty
Package: graphics 2016/05/09 v1.0r Standard LaTeX Graphics (DPC,SPQR)

(/usr/local/texlive/2016/texmf-dist/tex/latex/graphics/trig.sty
Package: trig 2016/01/03 v1.10 sin cos tan (DPC)
)
(/usr/local/texlive/2016/texmf-dist/tex/latex/graphics-cfg/graphics.cfg
File: graphics.cfg 2016/01/02 v1.10 sample graphics configuration
)
Package graphics Info: Driver file: pdftex.def on input line 96.

(/usr/local/texlive/2016/texmf-dist/tex/latex/pdftex-def/pdftex.def
File: pdftex.def 2011/05/27 v0.06d Graphics/color for pdfTeX
\Gread@gobject=\count130
))
\Gin@req@height=\dimen154
\Gin@req@width=\dimen155
)
(/usr/local/texlive/2016/texmf-dist/tex/latex/lettrine/lettrine.sty
File: lettrine.sty 2015/08/31 v1.9 (Daniel Flipo)
\c@DefaultLines=\count131
\c@DefaultDepth=\count132
\DefaultFindent=\dimen156
\DefaultNindent=\dimen157
\DefaultSlope=\dimen158
\DiscardVskip=\dimen159
\L@lbox=\box56
\L@tbox=\box57
\c@L@lines=\count133
\c@L@depth=\count134
\L@Pindent=\dimen160
\L@Findent=\dimen161
\L@Nindent=\dimen162
\L@lraise=\dimen163
\L@first=\dimen164
\L@next=\dimen165
\L@slope=\dimen166
\L@height=\dimen167
\L@novskip=\dimen168
\LettrineWidth=\dimen169
\LettrineHeight=\dimen170
\LettrineDepth=\dimen171

Loading lettrine.cfg
(/usr/local/texlive/2016/texmf-dist/tex/latex/lettrine/lettrine.cfg))
(/usr/local/texlive/2016/texmf-dist/tex/latex/paralist/paralist.sty
Package: paralist 2015/12/30 v2.5 Extended list environments
\pltopsep=\skip50
\plpartopsep=\skip51
\plitemsep=\skip52
\plparsep=\skip53
\pl@lab=\toks25
)
(./abstract.sty
Package: abstract 2009/06/08 v1.2a configurable abstracts
\abstitleskip=\skip54
\absleftindent=\skip55
\absrightindent=\skip56
\absparindent=\skip57
\absparsep=\skip58
)
(/usr/local/texlive/2016/texmf-dist/tex/latex/titlesec/titlesec.sty
Package: titlesec 2016/03/21 v2.10.2 Sectioning titles
\ttl@box=\box58
\beforetitleunit=\skip59
\aftertitleunit=\skip60
\ttl@plus=\dimen172
\ttl@minus=\dimen173
\ttl@toksa=\toks26
\titlewidth=\dimen174
\titlewidthlast=\dimen175
\titlewidthfirst=\dimen176
)
(/usr/local/texlive/2016/texmf-dist/tex/latex/titlesec/block.tss
File: block.tss 2016/03/15
)
(/usr/local/texlive/2016/texmf-dist/tex/latex/fancyhdr/fancyhdr.sty
\fancy@headwidth=\skip61
\f@ncyO@elh=\skip62
\f@ncyO@erh=\skip63
\f@ncyO@olh=\skip64
\f@ncyO@orh=\skip65
\f@ncyO@elf=\skip66
\f@ncyO@erf=\skip67
\f@ncyO@olf=\skip68
\f@ncyO@orf=\skip69
)
(./vertex.aux)
\openout1 = `vertex.aux'.

LaTeX Font Info:    Checking defaults for OML/cmm/m/it on input line 77.
LaTeX Font Info:    ... okay on input line 77.
LaTeX Font Info:    Checking defaults for T1/cmr/m/n on input line 77.
LaTeX Font Info:    ... okay on input line 77.
LaTeX Font Info:    Checking defaults for OT1/cmr/m/n on input line 77.
LaTeX Font Info:    ... okay on input line 77.
LaTeX Font Info:    Checking defaults for OMS/cmsy/m/n on input line 77.
LaTeX Font Info:    ... okay on input line 77.
LaTeX Font Info:    Checking defaults for OMX/cmex/m/n on input line 77.
LaTeX Font Info:    ... okay on input line 77.
LaTeX Font Info:    Checking defaults for U/cmr/m/n on input line 77.
LaTeX Font Info:    ... okay on input line 77.
LaTeX Font Info:    Checking defaults for PD1/pdf/m/n on input line 77.
LaTeX Font Info:    ... okay on input line 77.
LaTeX Font Info:    Try loading font information for T1+pplx on input line 77.
 (/usr/local/texlive/2016/texmf-dist/tex/latex/psnfss/t1pplx.fd
File: t1pplx.fd 2004/09/06 font definitions for T1/pplx.
)
LaTeX Info: Redefining \microtypecontext on input line 77.
Package microtype Info: Generating PDF output.
Package microtype Info: Character protrusion enabled (level 2).
Package microtype Info: Using default protrusion set `alltext'.
Package microtype Info: Automatic font expansion enabled (level 2),
(microtype)             stretch: 20, shrink: 20, step: 1, non-selected.
Package microtype Info: Using default expansion set `basictext'.
Package microtype Info: No adjustment of tracking.
Package microtype Info: No adjustment of interword spacing.
Package microtype Info: No adjustment of character kerning.

(/usr/local/texlive/2016/texmf-dist/tex/latex/microtype/mt-ppl.cfg
File: mt-ppl.cfg 2005/11/16 v1.6 microtype config. file: Palatino (RS)
)
*geometry* driver: auto-detecting
*geometry* detected driver: pdftex
*geometry* verbose mode - [ preamble ] result:
* driver: pdftex
* paper: <default>
* layout: <same size as paper>
* layoutoffset:(h,v)=(0.0pt,0.0pt)
* hratio: 1:1
* modes: twoside 
* h-part:(L,W,R)=(92.14519pt, 430.00462pt, 92.14519pt)
* v-part:(T,H,B)=(91.04881pt, 608.5238pt, 95.39737pt)
* \paperwidth=614.295pt
* \paperheight=794.96999pt
* \textwidth=430.00462pt
* \textheight=608.5238pt
* \oddsidemargin=19.8752pt
* \evensidemargin=19.8752pt
* \topmargin=-18.22118pt
* \headheight=12.0pt
* \headsep=25.0pt
* \topskip=10.0pt
* \footskip=30.0pt
* \marginparwidth=121.0pt
* \marginparsep=11.0pt
* \columnsep=20.0pt
* \skip\footins=9.0pt plus 4.0pt minus 2.0pt
* \hoffset=0.0pt
* \voffset=0.0pt
* \mag=1000
* \@twocolumnfalse
* \@twosidetrue
* \@mparswitchtrue
* \@reversemarginfalse
* (1in=72.27pt=25.4mm, 1cm=28.453pt)

Package caption Info: Begin \AtBeginDocument code.
Package caption Info: float package is loaded.
Package caption Info: hyperref package is loaded.
Package caption Info: End \AtBeginDocument code.
\AtBeginShipoutBox=\box59
Package hyperref Info: Link coloring OFF on input line 77.
(/usr/local/texlive/2016/texmf-dist/tex/latex/hyperref/nameref.sty
Package: nameref 2012/10/27 v2.43 Cross-referencing by name of section

(/usr/local/texlive/2016/texmf-dist/tex/generic/oberdiek/gettitlestring.sty
Package: gettitlestring 2016/05/16 v1.5 Cleanup title references (HO)
)
\c@section@level=\count135
)
LaTeX Info: Redefining \ref on input line 77.
LaTeX Info: Redefining \pageref on input line 77.
LaTeX Info: Redefining \nameref on input line 77.

(./vertex.out) (./vertex.out)
\@outlinefile=\write3
\openout3 = `vertex.out'.


(/usr/local/texlive/2016/texmf-dist/tex/context/base/mkii/supp-pdf.mkii
[Loading MPS to PDF converter (version 2006.09.02).]
\scratchcounter=\count136
\scratchdimen=\dimen177
\scratchbox=\box60
\nofMPsegments=\count137
\nofMParguments=\count138
\everyMPshowfont=\toks27
\MPscratchCnt=\count139
\MPscratchDim=\dimen178
\MPnumerator=\count140
\makeMPintoPDFobject=\count141
\everyMPtoPDFconversion=\toks28
) (/usr/local/texlive/2016/texmf-dist/tex/latex/oberdiek/epstopdf-base.sty
Package: epstopdf-base 2016/05/15 v2.6 Base part for package epstopdf

(/usr/local/texlive/2016/texmf-dist/tex/latex/oberdiek/grfext.sty
Package: grfext 2016/05/16 v1.2 Manage graphics extensions (HO)
)
Package grfext Info: Graphics extension search list:
(grfext)             [.png,.pdf,.jpg,.mps,.jpeg,.jbig2,.jb2,.PNG,.PDF,.JPG,.JPE
G,.JBIG2,.JB2,.eps]
(grfext)             \AppendGraphicsExtensions on input line 456.

(/usr/local/texlive/2016/texmf-dist/tex/latex/latexconfig/epstopdf-sys.cfg
File: epstopdf-sys.cfg 2010/07/13 v1.3 Configuration of (r)epstopdf for TeX Liv
e
))
LaTeX Font Info:    Font shape `T1/pplx/bx/n' in size <20> not available
(Font)              Font shape `T1/pplx/b/n' tried instead on input line 80.
LaTeX Font Info:    Try loading font information for OT1+pplx on input line 80.


(/usr/local/texlive/2016/texmf-dist/tex/latex/psnfss/ot1pplx.fd
File: ot1pplx.fd 2004/09/06 font definitions for OT1/pplx.
)
LaTeX Font Info:    Try loading font information for OML+zplm on input line 80.


(/usr/local/texlive/2016/texmf-dist/tex/latex/psnfss/omlzplm.fd
File: omlzplm.fd 2002/09/08 Fontinst v1.914 font definitions for OML/zplm.
)
LaTeX Font Info:    Try loading font information for OMS+zplm on input line 80.


(/usr/local/texlive/2016/texmf-dist/tex/latex/psnfss/omszplm.fd
File: omszplm.fd 2002/09/08 Fontinst v1.914 font definitions for OMS/zplm.
)
LaTeX Font Info:    Try loading font information for OMX+zplm on input line 80.


(/usr/local/texlive/2016/texmf-dist/tex/latex/psnfss/omxzplm.fd
File: omxzplm.fd 2002/09/08 Fontinst v1.914 font definitions for OMX/zplm.
)
LaTeX Font Info:    Try loading font information for OT1+zplm on input line 80.


(/usr/local/texlive/2016/texmf-dist/tex/latex/psnfss/ot1zplm.fd
File: ot1zplm.fd 2002/09/08 Fontinst v1.914 font definitions for OT1/zplm.
)
Package microtype Info: Loading generic settings for font family
(microtype)             `zplm' (encoding: OT1).
(microtype)             For optimal results, create family-specific settings.
(microtype)             See the microtype manual for details.
Package microtype Info: Character `029' is missing
(microtype)             in font `T1/pplx/m/sc/12'.
(microtype)             Ignoring protrusion settings for this character.
LaTeX Font Info:    Try loading font information for OMS+pplx on input line 80.

LaTeX Font Info:    No file OMSpplx.fd. on input line 80.


LaTeX Font Warning: Font shape `OMS/pplx/m/n' undefined
(Font)              using `OMS/cmsy/m/n' instead
(Font)              for symbol `textasteriskcentered' on input line 80.

LaTeX Font Info:    Font shape `T1/pplx/bx/n' in size <10> not available
(Font)              Font shape `T1/pplx/b/n' tried instead on input line 87.
[1{/usr/local/texlive/2016/texmf-var/fonts/map/pdftex/updmap/pdftex.map}

]
LaTeX Font Info:    Font shape `T1/pplx/bx/n' in size <14.4> not available
(Font)              Font shape `T1/pplx/b/n' tried instead on input line 94.

(./vertex.toc)
\tf@toc=\write4
\openout4 = `vertex.toc'.

 [2] [3] (./vertex.lot)
\tf@lot=\write5
\openout5 = `vertex.lot'.

 [4]
<plots/radFrac.png, id=260, 768.8725pt x 371.3875pt>
File: plots/radFrac.png Graphic file (type png)
 <use plots/radFrac.png>
Package pdftex.def Info: plots/radFrac.png used on input line 122.
(pdftex.def)             Requested size: 387.00153pt x 186.93434pt.
LaTeX Font Info:    Font shape `T1/pplx/bx/n' in size <9> not available
(Font)              Font shape `T1/pplx/b/n' tried instead on input line 123.

[5 <./plots/radFrac.png>]

Package hyperref Warning: Suppressing link with empty target on input line 140.



Package hyperref Warning: Suppressing link with empty target on input line 148.


<plots/vtxFit.png, id=278, 565.11125pt x 562.1pt>
File: plots/vtxFit.png Graphic file (type png)
 <use plots/vtxFit.png>
Package pdftex.def Info: plots/vtxFit.png used on input line 152.
(pdftex.def)             Requested size: 344.005pt x 342.17719pt.


Package hyperref Warning: Suppressing link with empty target on input line 153.



Package hyperref Warning: Suppressing link with empty target on input line 153.


[6]
Underfull \vbox (badness 10000) has occurred while \output is active []

 [7 <./plots/vtxFit.png>] [8]
Overfull \hbox (39.62056pt too wide) in paragraph at lines 207--227
 [][] 
 []


LaTeX Warning: Reference `fig:l1l1_zvtx' on page 9 undefined on input line 231.


[9] <plots/L1L1_zvtx.png, id=305, 722.7pt x 521.95pt>
File: plots/L1L1_zvtx.png Graphic file (type png)

<use plots/L1L1_zvtx.png>
Package pdftex.def Info: plots/L1L1_zvtx.png used on input line 236.
(pdftex.def)             Requested size: 344.005pt x 248.4465pt.

<plots/ratio_zvtx_cuts.png, id=307, 786.94pt x 603.25375pt>
File: plots/ratio_zvtx_cuts.png Graphic file (type png)

<use plots/ratio_zvtx_cuts.png>
Package pdftex.def Info: plots/ratio_zvtx_cuts.png used on input line 245.
(pdftex.def)             Requested size: 344.005pt x 263.70195pt.

Underfull \vbox (badness 10000) has occurred while \output is active []

 [10 <./plots/L1L1_zvtx.png>] <plots/L1L1_tdiff.png, id=316, 726.715pt x 529.98
pt>
File: plots/L1L1_tdiff.png Graphic file (type png)

<use plots/L1L1_tdiff.png>
Package pdftex.def Info: plots/L1L1_tdiff.png used on input line 254.
(pdftex.def)             Requested size: 344.005pt x 250.8778pt.

Underfull \vbox (badness 10000) has occurred while \output is active []

 [11 <./plots/ratio_zvtx_cuts.png>]
<plots/ratio_tdiff_cuts.png, id=326, 781.92125pt x 610.28pt>
File: plots/ratio_tdiff_cuts.png Graphic file (type png)

<use plots/ratio_tdiff_cuts.png>
Package pdftex.def Info: plots/ratio_tdiff_cuts.png used on input line 263.
(pdftex.def)             Requested size: 344.005pt x 268.4961pt.

Underfull \vbox (badness 10000) has occurred while \output is active []

 [12 <./plots/L1L1_tdiff.png>]
<plots/mass_L1L1_cuts.png, id=335, 713.66624pt x 520.94624pt>
File: plots/mass_L1L1_cuts.png Graphic file (type png)

<use plots/mass_L1L1_cuts.png>
Package pdftex.def Info: plots/mass_L1L1_cuts.png used on input line 272.
(pdftex.def)             Requested size: 344.005pt x 251.10857pt.

Underfull \vbox (badness 10000) has occurred while \output is active []

 [13 <./plots/ratio_tdiff_cuts.png>] <plots/trkChi2.png, id=344, 697.60625pt x 
505.89pt>
File: plots/trkChi2.png Graphic file (type png)

<use plots/trkChi2.png>
Package pdftex.def Info: plots/trkChi2.png used on input line 283.
(pdftex.def)             Requested size: 344.005pt x 249.46298pt.

Underfull \vbox (badness 10000) has occurred while \output is active []

 [14 <./plots/mass_L1L1_cuts.png>]
<plots/emTrkPmax.png, id=352, 767.86874pt x 348.30125pt>
File: plots/emTrkPmax.png Graphic file (type png)

<use plots/emTrkPmax.png>
Package pdftex.def Info: plots/emTrkPmax.png used on input line 292.
(pdftex.def)             Requested size: 344.005pt x 156.04321pt.
 [15 <./plots/trkChi2.png> <./plots/emTrkPmax.png>]
<plots/isolationPic.png, id=361, 602.25pt x 318.18875pt>
File: plots/isolationPic.png Graphic file (type png)

<use plots/isolationPic.png>
Package pdftex.def Info: plots/isolationPic.png used on input line 301.
(pdftex.def)             Requested size: 344.005pt x 181.75787pt.

<plots/bscCut.png, id=364, 855.195pt x 743.77875pt>
File: plots/bscCut.png Graphic file (type png)
 <use plots/bscCut.png>
Package pdftex.def Info: plots/bscCut.png used on input line 322.
(pdftex.def)             Requested size: 258.00539pt x 224.38374pt.

Underfull \vbox (badness 1248) has occurred while \output is active []

 [16 <./plots/isolationPic.png>] <plots/bmuchi2.png, id=374, 957.5775pt x 761.8
4625pt>
File: plots/bmuchi2.png Graphic file (type png)

<use plots/bmuchi2.png>
Package pdftex.def Info: plots/bmuchi2.png used on input line 331.
(pdftex.def)             Requested size: 258.00539pt x 205.27112pt.

Underfull \vbox (badness 1515) has occurred while \output is active []

 [17 <./plots/bscCut.png> <./plots/bmuchi2.png>]
<plots/matchcut.png, id=383, 1030.85126pt x 735.74875pt>
File: plots/matchcut.png Graphic file (type png)

<use plots/matchcut.png>
Package pdftex.def Info: plots/matchcut.png used on input line 340.
(pdftex.def)             Requested size: 344.005pt x 245.5259pt.
 <plots/cltdiff.png, id=386, 600.2425pt x 567.11874pt>
File: plots/cltdiff.png Graphic file (type png)

<use plots/cltdiff.png>
Package pdftex.def Info: plots/cltdiff.png used on input line 349.
(pdftex.def)             Requested size: 258.00539pt x 243.76976pt.

Underfull \vbox (badness 10000) has occurred while \output is active []

 [18 <./plots/matchcut.png>] <plots/pasycut.png, id=395, 533.995pt x 532.99126p
t>
File: plots/pasycut.png Graphic file (type png)

<use plots/pasycut.png>
Package pdftex.def Info: plots/pasycut.png used on input line 358.
(pdftex.def)             Requested size: 258.00539pt x 257.52452pt.

Underfull \vbox (badness 10000) has occurred while \output is active []

 [19 <./plots/cltdiff.png>]
Overfull \hbox (26.40831pt too wide) in paragraph at lines 363--364
[]\T1/pplx/m/n/10 (-20) The mo-men-tum asym-me-try cut can ef-fec-tively re-duc
e con-tam-i-na-tion from wide-angle bremsstrahlung
 []

<plots/docacut.png, id=404, 733.74126pt x 391.4625pt>
File: plots/docacut.png Graphic file (type png)
 <use plots/docacut.png>
Package pdftex.def Info: plots/docacut.png used on input line 367.
(pdftex.def)             Requested size: 344.005pt x 183.53343pt.

[20 <./plots/pasycut.png> <./plots/docacut.png>]
<plots/TrkShareHits.png, id=413, 728.7225pt x 541.02126pt>
File: plots/TrkShareHits.png Graphic file (type png)

<use plots/TrkShareHits.png>
Package pdftex.def Info: plots/TrkShareHits.png used on input line 376.
(pdftex.def)             Requested size: 344.005pt x 255.39449pt.


Package hyperref Warning: Token not allowed in a PDF string (PDFDocEncoding):
(hyperref)                removing `math shift' on input line 384.


Package hyperref Warning: Token not allowed in a PDF string (PDFDocEncoding):
(hyperref)                removing `\epsilon' on input line 384.


Package hyperref Warning: Token not allowed in a PDF string (PDFDocEncoding):
(hyperref)                removing `subscript' on input line 384.


Package hyperref Warning: Token not allowed in a PDF string (PDFDocEncoding):
(hyperref)                removing `math shift' on input line 384.

<plots/35MeV_apEff.png, id=416, 500.87125pt x 517.935pt>
File: plots/35MeV_apEff.png Graphic file (type png)

<use plots/35MeV_apEff.png>
Package pdftex.def Info: plots/35MeV_apEff.png used on input line 390.
(pdftex.def)             Requested size: 344.005pt x 355.7396pt.

Underfull \vbox (badness 10000) has occurred while \output is active []

 [21 <./plots/TrkShareHits.png>]
<plots/L1L1_eff_35MeV.png, id=428, 578.16pt x 552.0625pt>
File: plots/L1L1_eff_35MeV.png Graphic file (type png)

<use plots/L1L1_eff_35MeV.png>
Package pdftex.def Info: plots/L1L1_eff_35MeV.png used on input line 399.
(pdftex.def)             Requested size: 344.005pt x 328.47705pt.

Underfull \vbox (badness 10000) has occurred while \output is active []

 [22 <./plots/35MeV_apEff.png>] [23 <./plots/L1L1_eff_35MeV.png>]
<plots/L1L1_eff_mz.png, id=447, 735.74875pt x 726.715pt>
File: plots/L1L1_eff_mz.png Graphic file (type png)

<use plots/L1L1_eff_mz.png>
Package pdftex.def Info: plots/L1L1_eff_mz.png used on input line 425.
(pdftex.def)             Requested size: 344.005pt x 339.79297pt.

<plots/L1L1_eff1d.png, id=452, 555.07375pt x 541.02126pt>
File: plots/L1L1_eff1d.png Graphic file (type png)

<use plots/L1L1_eff1d.png>
Package pdftex.def Info: plots/L1L1_eff1d.png used on input line 434.
(pdftex.def)             Requested size: 344.005pt x 335.29762pt.

Underfull \vbox (badness 10000) has occurred while \output is active []

 [24 <./plots/L1L1_eff_mz.png>] <plots/L1L1MassFit.png, id=461, 650.43pt x 568.
1225pt>
File: plots/L1L1MassFit.png Graphic file (type png)

<use plots/L1L1MassFit.png>
Package pdftex.def Info: plots/L1L1MassFit.png used on input line 447.
(pdftex.def)             Requested size: 344.005pt x 300.47932pt.

Underfull \vbox (badness 10000) has occurred while \output is active []

 [25 <./plots/L1L1_eff1d.png>] <plots/massRes_L1L1.png, id=470, 599.23875pt x 5
46.04pt>
File: plots/massRes_L1L1.png Graphic file (type png)

<use plots/massRes_L1L1.png>
Package pdftex.def Info: plots/massRes_L1L1.png used on input line 457.
(pdftex.def)             Requested size: 344.005pt x 313.47064pt.

Underfull \vbox (badness 10000) has occurred while \output is active []

 [26 <./plots/L1L1MassFit.png>]
<plots/mollerMassMC.png, id=479, 631.35875pt x 474.77374pt>
File: plots/mollerMassMC.png Graphic file (type png)

<use plots/mollerMassMC.png>
Package pdftex.def Info: plots/mollerMassMC.png used on input line 466.
(pdftex.def)             Requested size: 344.005pt x 258.69223pt.

Underfull \vbox (badness 10000) has occurred while \output is active []

 [27 <./plots/massRes_L1L1.png>] <plots/mollerMass.png, id=487, 630.355pt x 498
.86375pt>
File: plots/mollerMass.png Graphic file (type png)

<use plots/mollerMass.png>
Package pdftex.def Info: plots/mollerMass.png used on input line 475.
(pdftex.def)             Requested size: 344.005pt x 272.24454pt.

Underfull \vbox (badness 10000) has occurred while \output is active []

 [28 <./plots/mollerMassMC.png>] <plots/zVm_acc_L1L1.png, id=497, 631.35875pt x
 529.98pt>
File: plots/zVm_acc_L1L1.png Graphic file (type png)

<use plots/zVm_acc_L1L1.png>
Package pdftex.def Info: plots/zVm_acc_L1L1.png used on input line 495.
(pdftex.def)             Requested size: 344.005pt x 288.7727pt.
 [29 <./plots/mollerMass.png>]
<plots/zVm_L1L1_0p5.png, id=508, 784.9325pt x 686.565pt>
File: plots/zVm_L1L1_0p5.png Graphic file (type png)

<use plots/zVm_L1L1_0p5.png>
Package pdftex.def Info: plots/zVm_L1L1_0p5.png used on input line 508.
(pdftex.def)             Requested size: 344.005pt x 300.89525pt.

Underfull \vbox (badness 10000) has occurred while \output is active []

 [30 <./plots/zVm_acc_L1L1.png>]
Underfull \hbox (badness 10000) in paragraph at lines 513--514

 []

<plots/reachL1L1.png, id=517, 648.4225pt x 514.92375pt>
File: plots/reachL1L1.png Graphic file (type png)

<use plots/reachL1L1.png>
Package pdftex.def Info: plots/reachL1L1.png used on input line 519.
(pdftex.def)             Requested size: 344.005pt x 273.18327pt.

Underfull \vbox (badness 10000) has occurred while \output is active []

 [31 <./plots/zVm_L1L1_0p5.png>]
Overfull \hbox (44.92506pt too wide) in paragraph at lines 538--559
 [][] 
 []


Underfull \vbox (badness 10000) has occurred while \output is active []

 [32 <./plots/reachL1L1.png>] <plots/kink1.png, id=538, 753.81625pt x 356.33125
pt>
File: plots/kink1.png Graphic file (type png)

<use plots/kink1.png>
Package pdftex.def Info: plots/kink1.png used on input line 584.
(pdftex.def)             Requested size: 344.005pt x 162.60944pt.
 <plots/kink2.png, id=539, 761.84625pt x 375.4025pt>
File: plots/kink2.png Graphic file (type png)

<use plots/kink2.png>
Package pdftex.def Info: plots/kink2.png used on input line 590.
(pdftex.def)             Requested size: 344.005pt x 169.5081pt.

Underfull \vbox (badness 10000) has occurred while \output is active []

 [33]
<plots/kink3.png, id=547, 748.7975pt x 360.34625pt>
File: plots/kink3.png Graphic file (type png)
 <use plots/kink3.png>
Package pdftex.def Info: plots/kink3.png used on input line 596.
(pdftex.def)             Requested size: 344.005pt x 165.54684pt.

[34 <./plots/kink1.png> <./plots/kink2.png> <./plots/kink3.png>]
<plots/zvtxCuts_L1L2.png, id=556, 966.61125pt x 666.49pt>
File: plots/zvtxCuts_L1L2.png Graphic file (type png)

<use plots/zvtxCuts_L1L2.png>
Package pdftex.def Info: plots/zvtxCuts_L1L2.png used on input line 605.
(pdftex.def)             Requested size: 344.005pt x 237.19037pt.

<plots/massCuts_L1L2.png, id=558, 918.43124pt x 705.63625pt>
File: plots/massCuts_L1L2.png Graphic file (type png)

<use plots/massCuts_L1L2.png>
Package pdftex.def Info: plots/massCuts_L1L2.png used on input line 614.
(pdftex.def)             Requested size: 344.005pt x 264.30069pt.

Underfull \vbox (badness 10000) has occurred while \output is active []

 [35 <./plots/zvtxCuts_L1L2.png>]

Package hyperref Warning: Token not allowed in a PDF string (PDFDocEncoding):
(hyperref)                removing `math shift' on input line 621.


Package hyperref Warning: Token not allowed in a PDF string (PDFDocEncoding):
(hyperref)                removing `\epsilon' on input line 621.


Package hyperref Warning: Token not allowed in a PDF string (PDFDocEncoding):
(hyperref)                removing `subscript' on input line 621.


Package hyperref Warning: Token not allowed in a PDF string (PDFDocEncoding):
(hyperref)                removing `math shift' on input line 621.


Package hyperref Warning: Suppressing link with empty target on input line 623.


LaTeX Font Info:    Try loading font information for T1+cmss on input line 630.

(/usr/local/texlive/2016/texmf-dist/tex/latex/base/t1cmss.fd
File: t1cmss.fd 2014/09/29 v2.5h Standard LaTeX font definitions
)
Package microtype Info: Loading generic settings for font family
(microtype)             `cmss' (encoding: T1).
(microtype)             For optimal results, create family-specific settings.
(microtype)             See the microtype manual for details.

Underfull \vbox (badness 10000) has occurred while \output is active []

 [36 <./plots/massCuts_L1L2.png>]

Package hyperref Warning: Suppressing link with empty target on input line 645.



Overfull \hbox (44.54312pt too wide) in paragraph at lines 654--655
[]\T1/pplx/m/n/10 (-20) The fits shown to each ver-tex de-cay po-si-tion at dis
-crete masses is shown at []https://userweb.jlab.org/ hszu-
 []

<plots/L1L2_effmz.png, id=575, 741.77126pt x 732.7375pt>
File: plots/L1L2_effmz.png Graphic file (type png)

<use plots/L1L2_effmz.png>
Package pdftex.def Info: plots/L1L2_effmz.png used on input line 658.
(pdftex.def)             Requested size: 344.005pt x 339.81378pt.

Underfull \vbox (badness 10000) has occurred while \output is active []

 [37]
<plots/massRes_L1L2.png, id=589, 905.3825pt x 717.68124pt>
File: plots/massRes_L1L2.png Graphic file (type png)

<use plots/massRes_L1L2.png>
Package pdftex.def Info: plots/massRes_L1L2.png used on input line 672.
(pdftex.def)             Requested size: 344.005pt x 272.6779pt.

Underfull \vbox (badness 10000) has occurred while \output is active []

 [38 <./plots/L1L2_effmz.png>]
<plots/MollerMassL1L2_data.png, id=597, 620.3175pt x 437.635pt>
File: plots/MollerMassL1L2_data.png Graphic file (type png)

<use plots/MollerMassL1L2_data.png>
Package pdftex.def Info: plots/MollerMassL1L2_data.png used on input line 683.
(pdftex.def)             Requested size: 344.005pt x 242.69664pt.

Underfull \vbox (badness 10000) has occurred while \output is active []

 [39 <./plots/massRes_L1L2.png>] <plots/zVm_acc_L1L2.png, id=605, 694.595pt x 5
64.1075pt>
File: plots/zVm_acc_L1L2.png Graphic file (type png)

<use plots/zVm_acc_L1L2.png>
Package pdftex.def Info: plots/zVm_acc_L1L2.png used on input line 696.
(pdftex.def)             Requested size: 344.005pt x 279.3847pt.

Underfull \vbox (badness 10000) has occurred while \output is active []

 [40 <./plots/MollerMassL1L2_data.png>]
<plots/L1L2_datasets.png, id=614, 766.865pt x 335.2525pt>
File: plots/L1L2_datasets.png Graphic file (type png)

<use plots/L1L2_datasets.png>
Package pdftex.def Info: plots/L1L2_datasets.png used on input line 710.
(pdftex.def)             Requested size: 344.005pt x 150.3916pt.

Underfull \vbox (badness 10000) has occurred while \output is active []

 [41 <./plots/zVm_acc_L1L2.png>] <plots/zVm_L1L2_0p5.png, id=623, 786.94pt x 69
7.60625pt>
File: plots/zVm_L1L2_0p5.png Graphic file (type png)

<use plots/zVm_L1L2_0p5.png>
Package pdftex.def Info: plots/zVm_L1L2_0p5.png used on input line 719.
(pdftex.def)             Requested size: 344.005pt x 304.9465pt.

Underfull \vbox (badness 10000) has occurred while \output is active []

 [42 <./plots/L1L2_datasets.png>]
<plots/reachL1L2.png, id=631, 671.50874pt x 494.84875pt>
File: plots/reachL1L2.png Graphic file (type png)

<use plots/reachL1L2.png>
Package pdftex.def Info: plots/reachL1L2.png used on input line 728.
(pdftex.def)             Requested size: 344.005pt x 253.50214pt.

Underfull \vbox (badness 10000) has occurred while \output is active []

 [43 <./plots/zVm_L1L2_0p5.png>]
Overfull \hbox (39.62056pt too wide) in paragraph at lines 747--767
 [][] 
 []


Underfull \vbox (badness 10000) has occurred while \output is active []

 [44 <./plots/reachL1L2.png>]

Package hyperref Warning: Token not allowed in a PDF string (PDFDocEncoding):
(hyperref)                removing `math shift' on input line 771.


Package hyperref Warning: Token not allowed in a PDF string (PDFDocEncoding):
(hyperref)                removing `\epsilon' on input line 771.


Package hyperref Warning: Token not allowed in a PDF string (PDFDocEncoding):
(hyperref)                removing `subscript' on input line 771.


Package hyperref Warning: Token not allowed in a PDF string (PDFDocEncoding):
(hyperref)                removing `math shift' on input line 771.


Package hyperref Warning: Suppressing link with empty target on input line 773.



Package hyperref Warning: Suppressing link with empty target on input line 773.



Overfull \hbox (42.99731pt too wide) in paragraph at lines 782--783
[]\T1/pplx/m/n/10 (-20) The fits at each mass are shown at []https://userweb.jl
ab.org/ hszu-mila/vertexNote/vertexEffFitsL2L2.pdf[].
 []

<plots/L2L2_proposedZcut.png, id=649, 613.29124pt x 572.1375pt>
File: plots/L2L2_proposedZcut.png Graphic file (type png)

<use plots/L2L2_proposedZcut.png>
Package pdftex.def Info: plots/L2L2_proposedZcut.png used on input line 786.
(pdftex.def)             Requested size: 344.005pt x 320.91861pt.

Underfull \vbox (badness 2644) has occurred while \output is active []

 [45]
<plots/L2L2MassFit.png, id=656, 641.39626pt x 572.1375pt>
File: plots/L2L2MassFit.png Graphic file (type png)

<use plots/L2L2MassFit.png>
Package pdftex.def Info: plots/L2L2MassFit.png used on input line 799.
(pdftex.def)             Requested size: 344.005pt x 306.86314pt.

Underfull \vbox (badness 10000) has occurred while \output is active []

 [46 <./plots/L2L2_proposedZcut.png>]
<plots/zVm_L2L2.png, id=665, 661.47125pt x 501.875pt>
File: plots/zVm_L2L2.png Graphic file (type png)
 <use plots/zVm_L2L2.png>
Package pdftex.def Info: plots/zVm_L2L2.png used on input line 816.
(pdftex.def)             Requested size: 344.005pt x 260.99947pt.

[47 <./plots/L2L2MassFit.png>]
<plots/reachL2L2.png, id=672, 618.31pt x 498.86375pt>
File: plots/reachL2L2.png Graphic file (type png)

<use plots/reachL2L2.png>
Package pdftex.def Info: plots/reachL2L2.png used on input line 825.
(pdftex.def)             Requested size: 344.005pt x 277.55774pt.

Underfull \vbox (badness 10000) has occurred while \output is active []

 [48 <./plots/zVm_L2L2.png>]
Overfull \hbox (39.62056pt too wide) in paragraph at lines 850--870
 [][] 
 []

[49 <./plots/reachL2L2.png>]

Package hyperref Warning: Token not allowed in a PDF string (PDFDocEncoding):
(hyperref)                removing `math shift' on input line 874.


Package hyperref Warning: Token not allowed in a PDF string (PDFDocEncoding):
(hyperref)                removing `\epsilon' on input line 874.


Package hyperref Warning: Token not allowed in a PDF string (PDFDocEncoding):
(hyperref)                removing `subscript' on input line 874.


Package hyperref Warning: Token not allowed in a PDF string (PDFDocEncoding):
(hyperref)                removing `math shift' on input line 874.

<plots/Effplots_1p5.png, id=687, 566.115pt x 574.145pt>
File: plots/Effplots_1p5.png Graphic file (type png)

<use plots/Effplots_1p5.png>
Package pdftex.def Info: plots/Effplots_1p5.png used on input line 880.
(pdftex.def)             Requested size: 344.005pt x 348.8963pt.

Underfull \vbox (badness 10000) has occurred while \output is active []

 [50]
Overfull \hbox (36.9115pt too wide) in paragraph at lines 892--893
[]\T1/pplx/m/n/10 (-20) The fits at each mass are shown at []https://userweb.jl
ab.org/ hszu-mila/vertexNote/vertexEffFits1p5.pdf[].
 []

<plots/L1L1_eff1p5_zm.png, id=701, 744.7825pt x 729.72626pt>
File: plots/L1L1_eff1p5_zm.png Graphic file (type png)

<use plots/L1L1_eff1p5_zm.png>
Package pdftex.def Info: plots/L1L1_eff1p5_zm.png used on input line 906.
(pdftex.def)             Requested size: 344.005pt x 337.05885pt.
 [51 <./plots/Effplots_1p5.png>]
<plots/integratedEff_1p5.png, id=712, 576.1525pt x 540.0175pt>
File: plots/integratedEff_1p5.png Graphic file (type png)

<use plots/integratedEff_1p5.png>
Package pdftex.def Info: plots/integratedEff_1p5.png used on input line 915.
(pdftex.def)             Requested size: 344.005pt x 322.43915pt.

Underfull \vbox (badness 10000) has occurred while \output is active []

 [52 <./plots/L1L1_eff1p5_zm.png>]
<plots/zVm_L1L1_1p5.png, id=720, 780.9175pt x 702.625pt>
File: plots/zVm_L1L1_1p5.png Graphic file (type png)

<use plots/zVm_L1L1_1p5.png>
Package pdftex.def Info: plots/zVm_L1L1_1p5.png used on input line 932.
(pdftex.def)             Requested size: 344.005pt x 309.50975pt.

Underfull \vbox (badness 10000) has occurred while \output is active []

 [53 <./plots/integratedEff_1p5.png>]
<plots/reachL1L1_1p5.png, id=729, 664.4825pt x 514.92375pt>
File: plots/reachL1L1_1p5.png Graphic file (type png)

<use plots/reachL1L1_1p5.png>
Package pdftex.def Info: plots/reachL1L1_1p5.png used on input line 941.
(pdftex.def)             Requested size: 344.005pt x 266.57547pt.

Underfull \vbox (badness 10000) has occurred while \output is active []

 [54 <./plots/zVm_L1L1_1p5.png>]
Overfull \hbox (44.92506pt too wide) in paragraph at lines 960--981
 [][] 
 []


Underfull \vbox (badness 10000) has occurred while \output is active []

 [55 <./plots/reachL1L1_1p5.png>]

Package hyperref Warning: Token not allowed in a PDF string (PDFDocEncoding):
(hyperref)                removing `math shift' on input line 985.


Package hyperref Warning: Token not allowed in a PDF string (PDFDocEncoding):
(hyperref)                removing `\epsilon' on input line 985.


Package hyperref Warning: Token not allowed in a PDF string (PDFDocEncoding):
(hyperref)                removing `subscript' on input line 985.


Package hyperref Warning: Token not allowed in a PDF string (PDFDocEncoding):
(hyperref)                removing `math shift' on input line 985.


Package hyperref Warning: Suppressing link with empty target on input line 987.



Package hyperref Warning: Suppressing link with empty target on input line 987.



Overfull \hbox (102.00809pt too wide) in paragraph at lines 996--997
[]\T1/pplx/m/n/10 (-20) The ef-fi-ciency fits at each mass are shown at []https
://userweb.jlab.org/ hszu-mila/vertexNote/vertexEffFitsL1L21p5.pdf[].
 []

<plots/L1L2_eff1p5_zm.png, id=746, 748.7975pt x 741.77126pt>
File: plots/L1L2_eff1p5_zm.png Graphic file (type png)

<use plots/L1L2_eff1p5_zm.png>
Package pdftex.def Info: plots/L1L2_eff1p5_zm.png used on input line 1000.
(pdftex.def)             Requested size: 344.005pt x 340.7775pt.

Underfull \vbox (badness 10000) has occurred while \output is active []

 [56]
<plots/zVm_L1L2_1p5.png, id=755, 780.9175pt x 686.565pt>
File: plots/zVm_L1L2_1p5.png Graphic file (type png)

<use plots/zVm_L1L2_1p5.png>
Package pdftex.def Info: plots/zVm_L1L2_1p5.png used on input line 1016.
(pdftex.def)             Requested size: 344.005pt x 302.43524pt.

Underfull \vbox (badness 6412) has occurred while \output is active []

 [57 <./plots/L1L2_eff1p5_zm.png>]
<plots/reachL1L2_1p5.png, id=764, 618.31pt x 483.8075pt>
File: plots/reachL1L2_1p5.png Graphic file (type png)

<use plots/reachL1L2_1p5.png>
Package pdftex.def Info: plots/reachL1L2_1p5.png used on input line 1025.
(pdftex.def)             Requested size: 344.005pt x 269.18074pt.

Underfull \vbox (badness 10000) has occurred while \output is active []

 [58 <./plots/zVm_L1L2_1p5.png>]
Overfull \hbox (39.62056pt too wide) in paragraph at lines 1044--1064
 [][] 
 []


Underfull \vbox (badness 10000) has occurred while \output is active []

 [59 <./plots/reachL1L2_1p5.png>]

Package hyperref Warning: Token not allowed in a PDF string (PDFDocEncoding):
(hyperref)                removing `math shift' on input line 1068.


Package hyperref Warning: Token not allowed in a PDF string (PDFDocEncoding):
(hyperref)                removing `\epsilon' on input line 1068.


Package hyperref Warning: Token not allowed in a PDF string (PDFDocEncoding):
(hyperref)                removing `subscript' on input line 1068.


Package hyperref Warning: Token not allowed in a PDF string (PDFDocEncoding):
(hyperref)                removing `math shift' on input line 1068.


Package hyperref Warning: Suppressing link with empty target on input line 1069
.


Package hyperref Warning: Suppressing link with empty target on input line 1069
.


Overfull \hbox (75.63606pt too wide) in paragraph at lines 1077--1078
[]\T1/pplx/m/n/10 (-20) The ef-fi-ciency fits to the re-con-structed z ver-tex 
po-si-tion at each mass are shown at []https://userweb.jlab.org/ hszu-
 []

<plots/L2L2_proposedZcut_1p5.png, id=779, 622.325pt x 567.11874pt>
File: plots/L2L2_proposedZcut_1p5.png Graphic file (type png)

<use plots/L2L2_proposedZcut_1p5.png>
Package pdftex.def Info: plots/L2L2_proposedZcut_1p5.png used on input line 108
8.
(pdftex.def)             Requested size: 344.005pt x 313.49121pt.
 [60]
<plots/zVm_L2L2_1p5.png, id=787, 854.19125pt x 578.16pt>
File: plots/zVm_L2L2_1p5.png Graphic file (type png)

<use plots/zVm_L2L2_1p5.png>
Package pdftex.def Info: plots/zVm_L2L2_1p5.png used on input line 1097.
(pdftex.def)             Requested size: 344.005pt x 232.83904pt.

Underfull \vbox (badness 10000) has occurred while \output is active []

 [61 <./plots/L2L2_proposedZcut_1p5.png>]
<plots/reachL2L2_1p5.png, id=796, 638.385pt x 508.90125pt>
File: plots/reachL2L2_1p5.png Graphic file (type png)

<use plots/reachL2L2_1p5.png>
Package pdftex.def Info: plots/reachL2L2_1p5.png used on input line 1106.
(pdftex.def)             Requested size: 344.005pt x 274.22795pt.

Underfull \vbox (badness 10000) has occurred while \output is active []

 [62 <./plots/zVm_L2L2_1p5.png>]
<plots/reachall_0p5.png, id=804, 575.14874pt x 452.69125pt>
File: plots/reachall_0p5.png Graphic file (type png)

<use plots/reachall_0p5.png>
Package pdftex.def Info: plots/reachall_0p5.png used on input line 1119.
(pdftex.def)             Requested size: 344.005pt x 270.76721pt.

Underfull \vbox (badness 10000) has occurred while \output is active []

 [63 <./plots/reachL2L2_1p5.png>]
<plots/reachall_1p5.png, id=813, 589.20125pt x 448.67625pt>
File: plots/reachall_1p5.png Graphic file (type png)

<use plots/reachall_1p5.png>
Package pdftex.def Info: plots/reachall_1p5.png used on input line 1128.
(pdftex.def)             Requested size: 344.005pt x 261.96451pt.

Underfull \vbox (badness 10000) has occurred while \output is active []

 [64 <./plots/reachall_0p5.png>] <plots/reachall.png, id=821, 724.7075pt x 478.
78876pt>
File: plots/reachall.png Graphic file (type png)

<use plots/reachall.png>
Package pdftex.def Info: plots/reachall.png used on input line 1137.
(pdftex.def)             Requested size: 344.005pt x 227.27359pt.
 [65 <./plots/reachall_1p5.png> <./plots/reachall.png>]
Package atveryend Info: Empty hook `BeforeClearDocument' on input line 1170.
[66]
Package atveryend Info: Empty hook `AfterLastShipout' on input line 1170.
 (./vertex.aux)
Package atveryend Info: Executing hook `AtVeryEndDocument' on input line 1170.
Package atveryend Info: Executing hook `AtEndAfterFileList' on input line 1170.

Package rerunfilecheck Info: File `vertex.out' has not changed.
(rerunfilecheck)             Checksum: 642E0D63E12F199131BD36A8F9E70A60;2923.


LaTeX Font Warning: Some font shapes were not available, defaults substituted.


LaTeX Warning: There were undefined references.

Package atveryend Info: Empty hook `AtVeryVeryEnd' on input line 1170.
 ) 
Here is how much of TeX's memory you used:
 11202 strings out of 493014
 170563 string characters out of 6133351
 391624 words of memory out of 5000000
 13886 multiletter control sequences out of 15000+600000
 96404 words of font info for 439 fonts, out of 8000000 for 9000
 1141 hyphenation exceptions out of 8191
 36i,12n,43p,1186b,417s stack positions out of 5000i,500n,10000p,200000b,80000s
{/usr/local/texlive/2016/texmf-dist/fonts/enc/dvips/cm-super/cm-super-t1.enc}
{/usr/local/texlive/2016/texmf-dist/fonts/enc/dvips/base/8r.enc}</usr/local/tex
live/2016/texmf-dist/fonts/type1/public/amsfonts/cm/cmex10.pfb></usr/local/texl
ive/2016/texmf-dist/fonts/type1/public/amsfonts/cm/cmmi10.pfb></usr/local/texli
ve/2016/texmf-dist/fonts/type1/public/amsfonts/cm/cmr10.pfb></usr/local/texlive
/2016/texmf-dist/fonts/type1/public/amsfonts/cm/cmsy10.pfb></usr/local/texlive/
2016/texmf-dist/fonts/type1/public/amsfonts/cm/cmsy6.pfb></usr/local/texlive/20
16/texmf-dist/fonts/type1/public/amsfonts/cm/cmsy9.pfb></usr/local/texlive/2016
/texmf-dist/fonts/type1/public/mathpazo/fplmri.pfb></usr/local/texlive/2016/tex
mf-dist/fonts/type1/public/fpl/fplrc8a.pfb></usr/local/texlive/2016/texmf-dist/
fonts/type1/public/cm-super/sfss1000.pfb></usr/local/texlive/2016/texmf-dist/fo
nts/type1/urw/palatino/uplb8a.pfb></usr/local/texlive/2016/texmf-dist/fonts/typ
e1/urw/palatino/uplr8a.pfb></usr/local/texlive/2016/texmf-dist/fonts/type1/urw/
palatino/uplri8a.pfb>
Output written on vertex.pdf (66 pages, 5877057 bytes).
PDF statistics:
 919 PDF objects out of 1000 (max. 8388607)
 707 compressed objects within 8 object streams
 182 named destinations out of 1000 (max. 500000)
 64115 words of extra memory for PDF output out of 74296 (max. 10000000)

