\BOOKMARK [1][-]{section.1}{Introduction to Vertex Search}{}% 1
\BOOKMARK [2][-]{subsection.1.1}{Radiative fraction}{section.1}% 2
\BOOKMARK [2][-]{subsection.1.2}{A' signal in displaced vertex search}{section.1}% 3
\BOOKMARK [1][-]{section.2}{Datasets}{}% 4
\BOOKMARK [1][-]{section.3}{Event Reconstruction and Selection}{}% 5
\BOOKMARK [1][-]{section.4}{0.5mm Datasets}{}% 6
\BOOKMARK [2][-]{subsection.4.1}{L1L1}{section.4}% 7
\BOOKMARK [3][-]{subsubsection.4.1.1}{Cuts}{subsection.4.1}% 8
\BOOKMARK [3][-]{subsubsection.4.1.2}{Vertex reconstruction efficiency, vtx}{subsection.4.1}% 9
\BOOKMARK [3][-]{subsubsection.4.1.3}{Mass resolution}{subsection.4.1}% 10
\BOOKMARK [3][-]{subsubsection.4.1.4}{Accidentals}{subsection.4.1}% 11
\BOOKMARK [3][-]{subsubsection.4.1.5}{Projected reach}{subsection.4.1}% 12
\BOOKMARK [2][-]{subsection.4.2}{L1L2}{section.4}% 13
\BOOKMARK [3][-]{subsubsection.4.2.1}{Cuts}{subsection.4.2}% 14
\BOOKMARK [3][-]{subsubsection.4.2.2}{Vertex reconstruction efficiency, vtx}{subsection.4.2}% 15
\BOOKMARK [3][-]{subsubsection.4.2.3}{Mass resolution}{subsection.4.2}% 16
\BOOKMARK [3][-]{subsubsection.4.2.4}{Accidentals}{subsection.4.2}% 17
\BOOKMARK [3][-]{subsubsection.4.2.5}{Projected reach}{subsection.4.2}% 18
\BOOKMARK [2][-]{subsection.4.3}{L2L2}{section.4}% 19
\BOOKMARK [3][-]{subsubsection.4.3.1}{Cuts}{subsection.4.3}% 20
\BOOKMARK [3][-]{subsubsection.4.3.2}{Vertex reconstruction efficiency, vtx}{subsection.4.3}% 21
\BOOKMARK [3][-]{subsubsection.4.3.3}{Mass resolution}{subsection.4.3}% 22
\BOOKMARK [3][-]{subsubsection.4.3.4}{Accidentals}{subsection.4.3}% 23
\BOOKMARK [3][-]{subsubsection.4.3.5}{Projected reach}{subsection.4.3}% 24
\BOOKMARK [1][-]{section.5}{1.5mm Datasets}{}% 25
\BOOKMARK [2][-]{subsection.5.1}{L1L1}{section.5}% 26
\BOOKMARK [3][-]{subsubsection.5.1.1}{Cuts}{subsection.5.1}% 27
\BOOKMARK [3][-]{subsubsection.5.1.2}{Vertex reconstruction efficiency, vtx}{subsection.5.1}% 28
\BOOKMARK [3][-]{subsubsection.5.1.3}{Accidentals}{subsection.5.1}% 29
\BOOKMARK [3][-]{subsubsection.5.1.4}{Projected reach}{subsection.5.1}% 30
\BOOKMARK [2][-]{subsection.5.2}{L1L2}{section.5}% 31
\BOOKMARK [3][-]{subsubsection.5.2.1}{Cuts}{subsection.5.2}% 32
\BOOKMARK [3][-]{subsubsection.5.2.2}{Vertex reconstruction efficiency, vtx}{subsection.5.2}% 33
\BOOKMARK [3][-]{subsubsection.5.2.3}{Accidentals}{subsection.5.2}% 34
\BOOKMARK [3][-]{subsubsection.5.2.4}{Projected reach}{subsection.5.2}% 35
\BOOKMARK [2][-]{subsection.5.3}{L2L2}{section.5}% 36
\BOOKMARK [3][-]{subsubsection.5.3.1}{Cuts}{subsection.5.3}% 37
\BOOKMARK [3][-]{subsubsection.5.3.2}{Vertex reconstruction efficiency, vtx}{subsection.5.3}% 38
\BOOKMARK [3][-]{subsubsection.5.3.3}{Accidentals}{subsection.5.3}% 39
\BOOKMARK [3][-]{subsubsection.5.3.4}{Projected reach}{subsection.5.3}% 40
\BOOKMARK [1][-]{section.6}{Combined reach projections}{}% 41
\BOOKMARK [1][-]{section.7}{Conclusion}{}% 42
